<?xml version="1.0" encoding="UTF-8"?>
<testsuite xmlns:xsi="http://www.w3.org/2001/XMLSchema-instance" xsi:noNamespaceSchemaLocation="https://maven.apache.org/surefire/maven-surefire-plugin/xsd/surefire-test-report-3.0.xsd" version="3.0" name="com.sumanth.ecommerce.SumanthEcommerceApplicationTests" time="1.102" tests="1" errors="0" skipped="0" failures="0">
  <properties>
[...]
</properties>
  <testcase name="contextLoads" classname="com.sumanth.ecommerce.SumanthEcommerceApplicationTests" time="0.419">
    <system-out><![CDATA[13:50:13.560 [main] INFO org.springframework.test.context.support.AnnotationConfigContextLoaderUtils -- Could not detect default configuration classes for test class [com.sumanth.ecommerce.SumanthEcommerceApplicationTests]: SumanthEcommerceApplicationTests does not declare any static, non-private, non-final, nested classes annotated with @Configuration.
13:50:13.601 [main] INFO org.springframework.boot.test.context.SpringBootTestContextBootstrapper -- Found @SpringBootConfiguration com.sumanth.ecommerce.SumanthEcommerceApplication for test class com.sumanth.ecommerce.SumanthEcommerceApplicationTests

  .   ____          _            __ _ _
 /\\ / ___'_ __ _ _(_)_ __  __ _ \ \ \ \
( ( )\___ | '_ | '_| | '_ \/ _` | \ \ \ \
 \\/  ___)| |_)| | | | | || (_| |  ) ) ) )
  '  |____| .__|_| |_|_| |_\__, | / / / /
 =========|_|==============|___/=/_/_/_/

 :: Spring Boot ::                (v3.3.9)

2025-03-11T13:50:13.746+05:30  INFO 5787 --- [sumanth-ecommerce] [           main] c.s.e.SumanthEcommerceApplicationTests   : Starting SumanthEcommerceApplicationTests using Java 21.0.2 with PID 5787 (started by sumanthreddy in /Users/sumanthreddy/e-commerce)
2025-03-11T13:50:13.747+05:30  INFO 5787 --- [sumanth-ecommerce] [           main] c.s.e.SumanthEcommerceApplicationTests   : No active profile set, falling back to 1 default profile: "default"
2025-03-11T13:50:14.164+05:30  INFO 5787 --- [sumanth-ecommerce] [           main] c.s.e.SumanthEcommerceApplicationTests   : Started SumanthEcommerceApplicationTests in 0.514 seconds (process running for 0.905)
]]></system-out>
    <system-err><![CDATA[WARNING: A Java agent has been loaded dynamically (/Users/sumanthreddy/.m2/repository/net/bytebuddy/byte-buddy-agent/1.14.19/byte-buddy-agent-1.14.19.jar)
WARNING: If a serviceability tool is in use, please run with -XX:+EnableDynamicAgentLoading to hide this warning
WARNING: If a serviceability tool is not in use, please run with -Djdk.instrument.traceUsage for more information
WARNING: Dynamic loading of agents will be disallowed by default in a future release
]]></system-err>
  </testcase>
</testsuite>